2017-07-04 12:00:29,349 [Thread-3:12112] [sourceDns.webdns.views:18] [views:get_count] [ERROR]- Something went wrong!
2017-07-04 13:33:11,950 [Thread-8:16388] [sourceDns.webdns.views:18] [views:get_count] [ERROR]- Something went wrong!
2017-07-04 13:48:15,667 [views:get_count] [ERROR]- {'average_price': 1}
2017-07-06 17:00:11,262 [views:getArticleSpecific] [ERROR]- [<Tag: angular>, <Tag: vue>, <Tag: mobx>, <Tag: Python>]
2017-07-06 17:00:53,657 [views:getArticleSpecific] [ERROR]- [<Tag: angular>, <Tag: vue>, <Tag: mobx>, <Tag: Python>]
2017-07-06 17:01:51,930 [views:getArticleSpecific] [ERROR]- <type 'list'>
2017-07-06 17:02:13,552 [views:getArticleSpecific] [ERROR]- <class 'blog.models.Tag'>
2017-07-06 17:04:49,411 [views:getArticleSpecific] [ERROR]- <class 'blog.models.Tag'>
2017-07-06 17:05:17,459 [views:getArticleSpecific] [ERROR]- <type 'list'>
2017-07-06 17:05:27,792 [views:getArticleSpecific] [ERROR]- [<Tag: angular>]
2017-07-06 17:05:50,059 [views:getArticleSpecific] [ERROR]- [{u'name': u'angular'}, {u'name': u'vue'}, {u'name': u'mobx'}, {u'name': u'Python'}]
2017-07-06 17:06:29,858 [views:getArticleSpecific] [ERROR]- [(u'angular',), (u'vue',), (u'mobx',), (u'Python',)]
2017-07-06 17:07:20,365 [views:getArticleSpecific] [ERROR]- [<Tag: angular>, <Tag: vue>, <Tag: mobx>, <Tag: Python>]
2017-07-06 17:08:55,721 [views:getArticleSpecific] [ERROR]- [<Tag: angular>, <Tag: vue>, <Tag: mobx>, <Tag: Python>]
2017-07-06 17:09:34,359 [views:getArticleSpecific] [ERROR]- [(1L, u'angular'), (2L, u'vue'), (4L, u'mobx'), (8L, u'Python')]
2017-07-06 17:11:36,313 [views:getArticleSpecific] [ERROR]- [(u'angular',), (u'vue',), (u'mobx',), (u'Python',)]
2017-07-10 16:35:52,977 [views:getTags] [ERROR]- [(1L, u'angular'), (2L, u'vue'), (3L, u'react'), (4L, u'mobx'), (5L, u'jquery'), (6L, u'boostrap'), (7L, u'HTML'), (8L, u'Python')]
2017-07-10 16:36:21,388 [views:getTags] [ERROR]- [(1L, u'angular'), (2L, u'vue'), (3L, u'react'), (4L, u'mobx'), (5L, u'jquery'), (6L, u'boostrap'), (7L, u'HTML'), (8L, u'Python')]
2017-07-10 16:36:31,095 [views:getTags] [ERROR]- [(1L, u'angular'), (2L, u'vue'), (3L, u'react'), (4L, u'mobx'), (5L, u'jquery'), (6L, u'boostrap'), (7L, u'HTML'), (8L, u'Python')]
2017-07-10 16:37:49,151 [views:getTags] [ERROR]- [(1L, u'angular'), (2L, u'vue'), (3L, u'react'), (4L, u'mobx'), (5L, u'jquery'), (6L, u'boostrap'), (7L, u'HTML'), (8L, u'Python')]
2017-07-10 16:38:12,854 [views:getTags] [ERROR]- [{u'id': 1L, 'name': u'angular'}, {u'id': 2L, 'name': u'vue'}, {u'id': 3L, 'name': u'react'}, {u'id': 4L, 'name': u'mobx'}, {u'id': 5L, 'name': u'jquery'}, {u'id': 6L, 'name': u'boostrap'}, {u'id': 7L, 'name': u'HTML'}, {u'id': 8L, 'name': u'Python'}]
2017-07-10 17:15:25,601 [views:getTags] [ERROR]- [{u'id': 1L, 'name': u'angular'}, {u'id': 2L, 'name': u'vue'}, {u'id': 3L, 'name': u'react'}, {u'id': 4L, 'name': u'mobx'}, {u'id': 5L, 'name': u'jquery'}, {u'id': 6L, 'name': u'boostrap'}, {u'id': 7L, 'name': u'HTML'}, {u'id': 8L, 'name': u'Python'}]
2017-07-10 17:15:30,762 [views:getTags] [ERROR]- [{u'id': 1L, 'name': u'angular'}, {u'id': 2L, 'name': u'vue'}, {u'id': 3L, 'name': u'react'}, {u'id': 4L, 'name': u'mobx'}, {u'id': 5L, 'name': u'jquery'}, {u'id': 6L, 'name': u'boostrap'}, {u'id': 7L, 'name': u'HTML'}, {u'id': 8L, 'name': u'Python'}]
2017-07-10 17:15:33,811 [views:getTags] [ERROR]- [{u'id': 1L, 'name': u'angular'}, {u'id': 2L, 'name': u'vue'}, {u'id': 3L, 'name': u'react'}, {u'id': 4L, 'name': u'mobx'}, {u'id': 5L, 'name': u'jquery'}, {u'id': 6L, 'name': u'boostrap'}, {u'id': 7L, 'name': u'HTML'}, {u'id': 8L, 'name': u'Python'}]
2017-07-10 17:15:36,803 [views:getTags] [ERROR]- [{u'id': 1L, 'name': u'angular'}, {u'id': 2L, 'name': u'vue'}, {u'id': 3L, 'name': u'react'}, {u'id': 4L, 'name': u'mobx'}, {u'id': 5L, 'name': u'jquery'}, {u'id': 6L, 'name': u'boostrap'}, {u'id': 7L, 'name': u'HTML'}, {u'id': 8L, 'name': u'Python'}]
2017-07-10 17:17:41,730 [views:getTags] [ERROR]- [{u'id': 1L, 'name': u'angular'}, {u'id': 2L, 'name': u'vue'}, {u'id': 3L, 'name': u'react'}, {u'id': 4L, 'name': u'mobx'}, {u'id': 5L, 'name': u'jquery'}, {u'id': 6L, 'name': u'boostrap'}, {u'id': 7L, 'name': u'HTML'}, {u'id': 8L, 'name': u'Python'}]
2017-07-10 17:18:36,920 [views:getTags] [ERROR]- [{u'id': 1L, 'name': u'angular'}, {u'id': 2L, 'name': u'vue'}, {u'id': 3L, 'name': u'react'}, {u'id': 4L, 'name': u'mobx'}, {u'id': 5L, 'name': u'jquery'}, {u'id': 6L, 'name': u'boostrap'}, {u'id': 7L, 'name': u'HTML'}, {u'id': 8L, 'name': u'Python'}]
2017-07-10 17:18:39,793 [views:getTags] [ERROR]- [{u'id': 1L, 'name': u'angular'}, {u'id': 2L, 'name': u'vue'}, {u'id': 3L, 'name': u'react'}, {u'id': 4L, 'name': u'mobx'}, {u'id': 5L, 'name': u'jquery'}, {u'id': 6L, 'name': u'boostrap'}, {u'id': 7L, 'name': u'HTML'}, {u'id': 8L, 'name': u'Python'}]
2017-07-10 17:18:41,930 [views:getTags] [ERROR]- [{u'id': 1L, 'name': u'angular'}, {u'id': 2L, 'name': u'vue'}, {u'id': 3L, 'name': u'react'}, {u'id': 4L, 'name': u'mobx'}, {u'id': 5L, 'name': u'jquery'}, {u'id': 6L, 'name': u'boostrap'}, {u'id': 7L, 'name': u'HTML'}, {u'id': 8L, 'name': u'Python'}]
2017-07-10 17:19:42,704 [views:getTags] [ERROR]- [{u'id': 1L, 'name': u'angular'}, {u'id': 2L, 'name': u'vue'}, {u'id': 3L, 'name': u'react'}, {u'id': 4L, 'name': u'mobx'}, {u'id': 5L, 'name': u'jquery'}, {u'id': 6L, 'name': u'boostrap'}, {u'id': 7L, 'name': u'HTML'}, {u'id': 8L, 'name': u'Python'}]
2017-07-10 17:19:45,727 [views:getTags] [ERROR]- [{u'id': 1L, 'name': u'angular'}, {u'id': 2L, 'name': u'vue'}, {u'id': 3L, 'name': u'react'}, {u'id': 4L, 'name': u'mobx'}, {u'id': 5L, 'name': u'jquery'}, {u'id': 6L, 'name': u'boostrap'}, {u'id': 7L, 'name': u'HTML'}, {u'id': 8L, 'name': u'Python'}]
2017-07-10 17:20:43,673 [views:getTags] [ERROR]- [{u'id': 1L, 'name': u'angular'}, {u'id': 2L, 'name': u'vue'}, {u'id': 3L, 'name': u'react'}, {u'id': 4L, 'name': u'mobx'}, {u'id': 5L, 'name': u'jquery'}, {u'id': 6L, 'name': u'boostrap'}, {u'id': 7L, 'name': u'HTML'}, {u'id': 8L, 'name': u'Python'}]
2017-07-10 17:24:43,609 [views:getTags] [ERROR]- [{u'id': 1L, 'name': u'angular'}, {u'id': 2L, 'name': u'vue'}, {u'id': 3L, 'name': u'react'}, {u'id': 4L, 'name': u'mobx'}, {u'id': 5L, 'name': u'jquery'}, {u'id': 6L, 'name': u'boostrap'}, {u'id': 7L, 'name': u'HTML'}, {u'id': 8L, 'name': u'Python'}]
2017-07-10 17:24:56,898 [views:getTags] [ERROR]- [{u'id': 1L, 'name': u'angular'}, {u'id': 2L, 'name': u'vue'}, {u'id': 3L, 'name': u'react'}, {u'id': 4L, 'name': u'mobx'}, {u'id': 5L, 'name': u'jquery'}, {u'id': 6L, 'name': u'boostrap'}, {u'id': 7L, 'name': u'HTML'}, {u'id': 8L, 'name': u'Python'}]
2017-07-10 17:25:52,538 [views:getTags] [ERROR]- [{u'id': 1L, 'name': u'angular'}, {u'id': 2L, 'name': u'vue'}, {u'id': 3L, 'name': u'react'}, {u'id': 4L, 'name': u'mobx'}, {u'id': 5L, 'name': u'jquery'}, {u'id': 6L, 'name': u'boostrap'}, {u'id': 7L, 'name': u'HTML'}, {u'id': 8L, 'name': u'Python'}]
2017-07-10 17:27:16,918 [views:getTags] [ERROR]- [{u'id': 1L, 'name': u'angular'}, {u'id': 2L, 'name': u'vue'}, {u'id': 3L, 'name': u'react'}, {u'id': 4L, 'name': u'mobx'}, {u'id': 5L, 'name': u'jquery'}, {u'id': 6L, 'name': u'boostrap'}, {u'id': 7L, 'name': u'HTML'}, {u'id': 8L, 'name': u'Python'}]
2017-07-10 17:27:19,920 [views:getTags] [ERROR]- [{u'id': 1L, 'name': u'angular'}, {u'id': 2L, 'name': u'vue'}, {u'id': 3L, 'name': u'react'}, {u'id': 4L, 'name': u'mobx'}, {u'id': 5L, 'name': u'jquery'}, {u'id': 6L, 'name': u'boostrap'}, {u'id': 7L, 'name': u'HTML'}, {u'id': 8L, 'name': u'Python'}]
2017-07-10 17:28:17,700 [views:getTags] [ERROR]- [{u'id': 1L, 'name': u'angular'}, {u'id': 2L, 'name': u'vue'}, {u'id': 3L, 'name': u'react'}, {u'id': 4L, 'name': u'mobx'}, {u'id': 5L, 'name': u'jquery'}, {u'id': 6L, 'name': u'boostrap'}, {u'id': 7L, 'name': u'HTML'}, {u'id': 8L, 'name': u'Python'}]
